Renderer info: Mesa Intel(R) Xe Graphics (TGL GT2) version 4.6 (Compatibility Profile) Mesa 23.0.4 from Intel
Depth buffer bits: 24
Multisampling enabled
Adding file system path /usr/share/TrenchBroom/defaults/assets
Adding file system path /home/snax/Documents/Godot-Projects/YUP/.
Loading document from /home/snax/Documents/Godot-Projects/YUP/Hallway1.map
Unquoted float default value 0 (line 31, column 37)
Unquoted float default value 1 (line 35, column 22)
Unquoted float default value 1 (line 36, column 22)
Unquoted float default value 1 (line 61, column 23)
Unquoted float default value 360 (line 67, column 37)
Unquoted float default value 1 (line 71, column 22)
Unquoted float default value 0.8 (line 77, column 23)
Unquoted float default value 0 (line 78, column 36)
Unquoted float default value 0 (line 79, column 31)
Unquoted float default value 0 (line 80, column 38)
Unquoted float default value 8 (line 81, column 23)
Unquoted float default value 0 (line 82, column 38)
Loaded entity definition file Qodot.fgd
Loaded texture collection 'textures/materials' in 3626ms
Loaded /home/snax/Documents/Godot-Projects/YUP/Hallway1.map in 3766ms
Saved /home/snax/Documents/Godot-Projects/YUP/Hallway1.map in 21ms
Could not resize brush: Brush is empty
Could not resize brush: Brush is empty
Could not resize brush: Brush is empty
Could not resize brush: Brush is empty
Could not resize brush: Brush is empty
Could not resize brush: Brush is empty
Could not resize brush: Brush is empty
Created autosave backup at /home/snax/Documents/Godot-Projects/YUP/autosave/Hallway1.1.map
updateProposedDragHandles called during a drag
Created autosave backup at /home/snax/Documents/Godot-Projects/YUP/autosave/Hallway1.2.map
Could not resize brush: Brush is empty
Could not resize brush: Brush is empty
Could not resize brush: Brush is empty
Could not resize brush: Brush is empty
Could not resize brush: Brush is empty
Could not resize brush: Brush is empty
Could not resize brush: Brush is empty
Could not resize brush: Brush is empty
Could not resize brush: Brush is empty
Could not resize brush: Brush is empty
Could not resize brush: Brush is empty
Created autosave backup at /home/snax/Documents/Godot-Projects/YUP/autosave/Hallway1.3.map
Created autosave backup at /home/snax/Documents/Godot-Projects/YUP/autosave/Hallway1.4.map
updateProposedDragHandles called during a drag
Saved /home/snax/Documents/Godot-Projects/YUP/Hallway1.map in 21ms
Created autosave backup at /home/snax/Documents/Godot-Projects/YUP/autosave/Hallway1.5.map
Saved /home/snax/Documents/Godot-Projects/YUP/Hallway1.map in 20ms
Saved /home/snax/Documents/Godot-Projects/YUP/Hallway1.map in 15ms
Saved /home/snax/Documents/Godot-Projects/YUP/Hallway1.map in 14ms
Created autosave backup at /home/snax/Documents/Godot-Projects/YUP/autosave/Hallway1.6.map
Could not resize brush: Brush is empty
Created autosave backup at /home/snax/Documents/Godot-Projects/YUP/autosave/Hallway1.7.map
Snapped vertices of 4 brushes
Snapped vertices of 6 brushes
Snapped vertices of 10 brushes
Saved /home/snax/Documents/Godot-Projects/YUP/Hallway1.map in 20ms
Could not transform brush: Brush is incomplete
Could not transform brush: Brush is incomplete
Could not transform brush: Brush is incomplete
Could not transform brush: Brush is incomplete
Could not transform brush: Brush is incomplete
Could not transform brush: Brush is incomplete
Could not transform brush: Brush is incomplete
Could not transform brush: Brush is incomplete
Could not transform brush: Brush is incomplete
Could not transform brush: Brush is incomplete
Could not transform brush: Brush is incomplete
Could not transform brush: Brush is incomplete
Could not transform brush: Brush is incomplete
Could not transform brush: Brush is incomplete
Could not transform brush: Brush is incomplete
Could not transform brush: Brush is incomplete
Could not transform brush: Brush is incomplete
Could not transform brush: Brush is incomplete
Could not transform brush: Brush is incomplete
Could not transform brush: Brush is incomplete
Could not transform brush: Brush is incomplete
Could not transform brush: Brush is incomplete
Could not transform brush: Brush is incomplete
Could not transform brush: Brush is incomplete
Could not transform brush: Brush is incomplete
Could not transform brush: Brush is incomplete
Could not transform brush: Brush is incomplete
Could not transform brush: Brush is incomplete
Could not transform brush: Brush is incomplete
Could not transform brush: Brush is incomplete
Could not transform brush: Brush is incomplete
Could not transform brush: Brush is incomplete
Could not transform brush: Brush is incomplete
Could not transform brush: Brush is incomplete
Could not transform brush: Brush is incomplete
Could not transform brush: Brush is incomplete
Could not transform brush: Brush is incomplete
Could not transform brush: Brush is incomplete
Could not transform brush: Brush is incomplete
Could not transform brush: Brush is incomplete
Could not transform brush: Brush is incomplete
Could not transform brush: Brush is incomplete
Could not transform brush: Brush is incomplete
Could not transform brush: Brush is incomplete
Created autosave backup at /home/snax/Documents/Godot-Projects/YUP/autosave/Hallway1.8.map
Saved /home/snax/Documents/Godot-Projects/YUP/Hallway1.map in 19ms
Saved /home/snax/Documents/Godot-Projects/YUP/Hallway1.map in 17ms
Saved /home/snax/Documents/Godot-Projects/YUP/Hallway1.map in 31ms
Created autosave backup at /home/snax/Documents/Godot-Projects/YUP/autosave/Hallway1.9.map
Saved /home/snax/Documents/Godot-Projects/YUP/Hallway1.map in 19ms
Saved /home/snax/Documents/Godot-Projects/YUP/Hallway1.map in 21ms
Renderer info: Mesa Intel(R) Xe Graphics (TGL GT2) version 4.6 (Compatibility Profile) Mesa 23.0.4 from Intel
Depth buffer bits: 24
Multisampling enabled
Adding file system path /usr/share/TrenchBroom/defaults/assets
Adding file system path /home/snax/Documents/Godot-Projects/YUP/.
Loading document from /home/snax/Documents/Godot-Projects/YUP/thehouse.map
Adding file system path /usr/share/TrenchBroom/defaults/assets
Adding file system path /home/snax/Documents/Godot-Projects/YUP/.
Adding file system path /home/snax/Documents/Godot-Projects/YUP/textures
Adding file system path /home/snax/Documents/Godot-Projects/YUP/autosave
Adding file system path /home/snax/Documents/Godot-Projects/YUP/addons
Unquoted float default value 0 (line 31, column 37)
Unquoted float default value 1 (line 35, column 22)
Unquoted float default value 1 (line 36, column 22)
Unquoted float default value 1 (line 61, column 23)
Unquoted float default value 360 (line 67, column 37)
Unquoted float default value 1 (line 71, column 22)
Unquoted float default value 0.8 (line 77, column 23)
Unquoted float default value 0 (line 78, column 36)
Unquoted float default value 0 (line 79, column 31)
Unquoted float default value 0 (line 80, column 38)
Unquoted float default value 8 (line 81, column 23)
Unquoted float default value 0 (line 82, column 38)
Loaded entity definition file Qodot.fgd
Loaded texture collection 'textures' in 4ms
Loaded texture collection 'textures/base' in 13ms
Loaded texture collection 'textures/book' in 29ms
Loaded texture collection 'textures/layers' in 20ms
Loaded texture collection 'textures/materials' in 3977ms
Loaded texture collection 'textures/materials/OldIron/OldIron-texture' in 498ms
Loaded texture collection 'textures/materials/Quilt01_MR_4K/Quilt01_MR_4K-texture' in 400ms
Loaded texture collection 'textures/materials/Wood06_MR_4K/Wood06_MR_4K-texture' in 392ms
Loaded texture collection 'textures/orrery' in 28ms
Loaded texture collection 'textures/special' in 14ms
Loaded /home/snax/Documents/Godot-Projects/YUP/thehouse.map in 5449ms
Could not resize brush: Brush is empty
Created autosave backup at /home/snax/Documents/Godot-Projects/YUP/autosave/thehouse.50.map
Saved /home/snax/Documents/Godot-Projects/YUP/thehouse.map in 20ms
Saved /home/snax/Documents/Godot-Projects/YUP/thehouse.map in 19ms
Created autosave backup at /home/snax/Documents/Godot-Projects/YUP/autosave/thehouse.50.map
Saved /home/snax/Documents/Godot-Projects/YUP/thehouse.map in 20ms
Saved /home/snax/Documents/Godot-Projects/YUP/thehouse.map in 16ms
Renderer info: Mesa Intel(R) Xe Graphics (TGL GT2) version 4.6 (Compatibility Profile) Mesa 23.0.4 from Intel
Depth buffer bits: 24
Multisampling enabled
Adding file system path /usr/share/TrenchBroom/defaults/assets
Adding file system path /home/snax/Documents/Godot-Projects/YUP/.
Loading document from /home/snax/Documents/Godot-Projects/YUP/Hallway1.map
Unquoted float default value 0 (line 31, column 37)
Unquoted float default value 1 (line 35, column 22)
Unquoted float default value 1 (line 36, column 22)
Unquoted float default value 1 (line 61, column 23)
Unquoted float default value 360 (line 67, column 37)
Unquoted float default value 1 (line 71, column 22)
Unquoted float default value 0.8 (line 77, column 23)
Unquoted float default value 0 (line 78, column 36)
Unquoted float default value 0 (line 79, column 31)
Unquoted float default value 0 (line 80, column 38)
Unquoted float default value 8 (line 81, column 23)
Unquoted float default value 0 (line 82, column 38)
Loaded entity definition file Qodot.fgd
Loaded texture collection 'textures/materials' in 4286ms
Loaded /home/snax/Documents/Godot-Projects/YUP/Hallway1.map in 4333ms
Created autosave backup at /home/snax/Documents/Godot-Projects/YUP/autosave/Hallway1.10.map
Saved /home/snax/Documents/Godot-Projects/YUP/Hallway1.map in 18ms
Saved /home/snax/Documents/Godot-Projects/YUP/Hallway1.map in 17ms
Saved /home/snax/Documents/Godot-Projects/YUP/Hallway1.map in 20ms
Created autosave backup at /home/snax/Documents/Godot-Projects/YUP/autosave/Hallway1.11.map
updateProposedDragHandles called during a drag
Created autosave backup at /home/snax/Documents/Godot-Projects/YUP/autosave/Hallway1.12.map
Saved /home/snax/Documents/Godot-Projects/YUP/Hallway1.map in 16ms
Could not resize brush: Brush is empty
Saved /home/snax/Documents/Godot-Projects/YUP/Hallway1.map in 19ms
Saved /home/snax/Documents/Godot-Projects/YUP/Hallway1.map in 20ms
Renderer info: Mesa Intel(R) Xe Graphics (TGL GT2) version 4.6 (Compatibility Profile) Mesa 23.0.4 from Intel
Depth buffer bits: 24
Multisampling enabled
Adding file system path /usr/share/TrenchBroom/defaults/assets
Adding file system path /home/snax/Documents/Godot-Projects/YUP/.
Loading document from /home/snax/Documents/Godot-Projects/YUP/thehouse.map
Adding file system path /usr/share/TrenchBroom/defaults/assets
Adding file system path /home/snax/Documents/Godot-Projects/YUP/.
Adding file system path /home/snax/Documents/Godot-Projects/YUP/textures
Adding file system path /home/snax/Documents/Godot-Projects/YUP/autosave
Adding file system path /home/snax/Documents/Godot-Projects/YUP/addons
Unquoted float default value 0 (line 31, column 37)
Unquoted float default value 1 (line 35, column 22)
Unquoted float default value 1 (line 36, column 22)
Unquoted float default value 1 (line 61, column 23)
Unquoted float default value 360 (line 67, column 37)
Unquoted float default value 1 (line 71, column 22)
Unquoted float default value 0.8 (line 77, column 23)
Unquoted float default value 0 (line 78, column 36)
Unquoted float default value 0 (line 79, column 31)
Unquoted float default value 0 (line 80, column 38)
Unquoted float default value 8 (line 81, column 23)
Unquoted float default value 0 (line 82, column 38)
Loaded entity definition file Qodot.fgd
Loaded texture collection 'textures' in 5ms
Loaded texture collection 'textures/base' in 17ms
Loaded texture collection 'textures/book' in 62ms
Loaded texture collection 'textures/layers' in 33ms
Loaded texture collection 'textures/materials' in 4387ms
Loaded texture collection 'textures/materials/OldIron/OldIron-texture' in 519ms
Loaded texture collection 'textures/materials/Quilt01_MR_4K/Quilt01_MR_4K-texture' in 421ms
Loaded texture collection 'textures/materials/Wood06_MR_4K/Wood06_MR_4K-texture' in 438ms
Loaded texture collection 'textures/orrery' in 22ms
Loaded texture collection 'textures/special' in 15ms
Loaded /home/snax/Documents/Godot-Projects/YUP/thehouse.map in 6045ms
Saved /home/snax/Documents/Godot-Projects/YUP/thehouse.map in 33ms
Renderer info: Mesa Intel(R) Xe Graphics (TGL GT2) version 4.6 (Compatibility Profile) Mesa 23.0.4 from Intel
Depth buffer bits: 24
Multisampling enabled
Adding file system path /usr/share/TrenchBroom/defaults/assets
Adding file system path /home/snax/Documents/Godot-Projects/YUP/.
Loading document from /home/snax/Documents/Godot-Projects/YUP/thehouse.map
Adding file system path /usr/share/TrenchBroom/defaults/assets
Adding file system path /home/snax/Documents/Godot-Projects/YUP/.
Adding file system path /home/snax/Documents/Godot-Projects/YUP/textures
Adding file system path /home/snax/Documents/Godot-Projects/YUP/autosave
Adding file system path /home/snax/Documents/Godot-Projects/YUP/addons
Unquoted float default value 0 (line 31, column 37)
Unquoted float default value 1 (line 35, column 22)
Unquoted float default value 1 (line 36, column 22)
Unquoted float default value 1 (line 61, column 23)
Unquoted float default value 360 (line 67, column 37)
Unquoted float default value 1 (line 71, column 22)
Unquoted float default value 0.8 (line 77, column 23)
Unquoted float default value 0 (line 78, column 36)
Unquoted float default value 0 (line 79, column 31)
Unquoted float default value 0 (line 80, column 38)
Unquoted float default value 8 (line 81, column 23)
Unquoted float default value 0 (line 82, column 38)
Loaded entity definition file Qodot.fgd
Loaded texture collection 'textures' in 4ms
Loaded texture collection 'textures/base' in 15ms
Loaded texture collection 'textures/book' in 32ms
Loaded texture collection 'textures/layers' in 24ms
Loaded texture collection 'textures/materials' in 4933ms
Loaded texture collection 'textures/materials/OldIron/OldIron-texture' in 661ms
Loaded texture collection 'textures/materials/Quilt01_MR_4K/Quilt01_MR_4K-texture' in 439ms
Loaded texture collection 'textures/materials/Wood06_MR_4K/Wood06_MR_4K-texture' in 474ms
Loaded texture collection 'textures/orrery' in 23ms
Loaded texture collection 'textures/special' in 16ms
Loaded /home/snax/Documents/Godot-Projects/YUP/thehouse.map in 6711ms
